生成启动时间为 2018/2/1 9:27:17。
     1>项目“G:\keti\拾遗\20151229C++实现的壳基础版\扩展版\破解\pojie\pojie\pojie.vcxproj”在节点 2 上(build 个目标)。
     1>InitializeBuildStatus:
         正在创建“Release\pojie.unsuccessfulbuild”，因为已指定“AlwaysCreate”。
       ClCompile:
         所有输出均为最新。
         所有输出均为最新。
       Link:
         所有输出均为最新。
         C:\Program Files (x86)\Microsoft Visual Studio 10.0\VC\bin\link.exe /ERRORREPORT:PROMPT /OUT:"G:\keti\拾遗\20151229C++实现的壳基础版\扩展版\破解\pojie\Release\pojie.exe" /INCREMENTAL:NO /NOLOGO kernel32.lib user32.lib gdi32.lib winspool.lib comdlg32.lib advapi32.lib shell32.lib ole32.lib oleaut32.lib uuid.lib odbc32.lib odbccp32.lib /MANIFEST /ManifestFile:"Release\pojie.exe.intermediate.manifest" /MANIFESTUAC:"level='asInvoker' uiAccess='false'" /DEBUG /PDB:"G:\keti\拾遗\20151229C++实现的壳基础版\扩展版\破解\pojie\Release\pojie.pdb" /SUBSYSTEM:CONSOLE /OPT:REF /OPT:ICF /LTCG /TLBID:1 /DYNAMICBASE:NO /FIXED /NXCOMPAT /IMPLIB:"G:\keti\拾遗\20151229C++实现的壳基础版\扩展版\破解\pojie\Release\pojie.lib" /MACHINE:X86 Release\pojie.obj
         Release\stdafx.obj
         正在生成代码
         已完成代码的生成
         pojie.vcxproj -> G:\keti\拾遗\20151229C++实现的壳基础版\扩展版\破解\pojie\Release\pojie.exe
       Manifest:
         C:\Program Files (x86)\Microsoft SDKs\Windows\v7.0A\bin\mt.exe /nologo /verbose /outputresource:"G:\keti\拾遗\20151229C++实现的壳基础版\扩展版\破解\pojie\Release\pojie.exe;#1" /manifest Release\pojie.exe.intermediate.manifest
       FinalizeBuildStatus:
         正在删除文件“Release\pojie.unsuccessfulbuild”。
         正在对“Release\pojie.lastbuildstate”执行 Touch 任务。
     1>已完成生成项目“G:\keti\拾遗\20151229C++实现的壳基础版\扩展版\破解\pojie\pojie\pojie.vcxproj”(build 个目标)的操作。

生成成功。

已用时间 00:00:00.86
